<?xml version="1.0" encoding="UTF-8"?>
<!-- Generated by org.testng.reporters.JUnitReportReporter -->
<testsuite hostname="soumaya" failures="0" tests="1" name="testCases.Suite1" time="13.900" errors="0" timestamp="2023-09-11T17:23:07 HAE" skipped="0">
  <testcase classname="testCases.Suite1" name="creerNewRepository" time="13.900"/>
</testsuite> <!-- testCases.Suite1 -->
